0 info it worked if it ends with ok
1 verbose cli [
1 verbose cli   '/usr/local/bin/node',
1 verbose cli   '/Users/joel/node_modules/.bin/npm',
1 verbose cli   'run',
1 verbose cli   'css:build'
1 verbose cli ]
2 info using npm@2.15.12
3 info using node@v22.11.0
4 verbose run-script [ 'precss:build', 'css:build', 'postcss:build' ]
5 info precss:build australia-blog@1.0.0
6 info css:build australia-blog@1.0.0
7 verbose unsafe-perm in lifecycle true
8 info australia-blog@1.0.0 Failed to exec css:build script
9 verbose stack Error: australia-blog@1.0.0 css:build: `tailwindcss -i ./styles/tailwind.css -o ./assets/styles.css --minify --content ./index.html,./posts/**/*.{md,html},./_includes/**/*.{html,liquid,njk}`
9 verbose stack spawn ENOENT
9 verbose stack     at ChildProcess.<anonymous> (/Users/joel/node_modules/npm/lib/utils/spawn.js:17:16)
9 verbose stack     at ChildProcess.emit (node:events:518:28)
9 verbose stack     at maybeClose (node:internal/child_process:1104:16)
9 verbose stack     at ChildProcess._handle.onexit (node:internal/child_process:304:5)
10 verbose pkgid australia-blog@1.0.0
11 verbose cwd /Users/joel/australia-blog
12 error Darwin 24.6.0
13 error argv "/usr/local/bin/node" "/Users/joel/node_modules/.bin/npm" "run" "css:build"
14 error node v22.11.0
15 error npm  v2.15.12
16 error file sh
17 error code ELIFECYCLE
18 error errno ENOENT
19 error syscall spawn
20 error australia-blog@1.0.0 css:build: `tailwindcss -i ./styles/tailwind.css -o ./assets/styles.css --minify --content ./index.html,./posts/**/*.{md,html},./_includes/**/*.{html,liquid,njk}`
20 error spawn ENOENT
21 error Failed at the australia-blog@1.0.0 css:build script 'tailwindcss -i ./styles/tailwind.css -o ./assets/styles.css --minify --content ./index.html,./posts/**/*.{md,html},./_includes/**/*.{html,liquid,njk}'.
21 error This is most likely a problem with the australia-blog package,
21 error not with npm itself.
21 error Tell the author that this fails on your system:
21 error     tailwindcss -i ./styles/tailwind.css -o ./assets/styles.css --minify --content ./index.html,./posts/**/*.{md,html},./_includes/**/*.{html,liquid,njk}
21 error You can get information on how to open an issue for this project with:
21 error     npm bugs australia-blog
21 error Or if that isn't available, you can get their info via:
21 error
21 error     npm owner ls australia-blog
21 error There is likely additional logging output above.
22 verbose exit [ 1, true ]
